20/03/2023:21:40:32 161 [Calculator.java] [INFO] Calculator [LOG] - 145.256
20/03/2023:21:40:32 523 [Calculator.java] [INFO] Calculator [RESULT - LOG] - 4.978497702968366
20/03/2023:21:40:32 546 [Calculator.java] [INFO] Calculator [LOG] - 300.0
20/03/2023:21:40:32 549 [Calculator.java] [INFO] Calculator [RESULT - LOG] - 5.703782474656201
20/03/2023:21:40:32 764 [Calculator.java] [INFO] Calculator [POWER] - 6.0, 2.0
20/03/2023:21:40:32 768 [Calculator.java] [INFO] Calculator [RESULT - POWER] - 36.0
20/03/2023:21:40:32 772 [Calculator.java] [INFO] Calculator [POWER] - 3.0, 3.0
20/03/2023:21:40:32 774 [Calculator.java] [INFO] Calculator [RESULT - POWER] - 27.0
20/03/2023:21:40:32 780 [Calculator.java] [INFO] Calculator [FACTORIAL] - 4
20/03/2023:21:40:32 784 [Calculator.java] [INFO] Calculator [RESULT - FACTORIAL] - 24.0
20/03/2023:21:40:32 787 [Calculator.java] [INFO] Calculator [FACTORIAL] - 2
20/03/2023:21:40:32 790 [Calculator.java] [INFO] Calculator [RESULT - FACTORIAL] - 2.0
20/03/2023:21:40:32 796 [Calculator.java] [INFO] Calculator [SQRT] - 9.0
20/03/2023:21:40:32 800 [Calculator.java] [INFO] Calculator [RESULT - SQRT] - 3.0
20/03/2023:21:40:32 804 [Calculator.java] [INFO] Calculator [SQRT] - 30.0
20/03/2023:21:40:32 807 [Calculator.java] [INFO] Calculator [RESULT - SQRT] - 5.477225575051661
21/03/2023:18:49:49 821 [Calculator.java] [INFO] Calculator [SQRT] - 25.0
21/03/2023:18:49:49 838 [Calculator.java] [INFO] Calculator [RESULT - SQRT] - 5.0
21/03/2023:20:33:00 932 [Calculator.java] [INFO] Calculator [LOG] - 145.256
21/03/2023:20:33:01 107 [Calculator.java] [INFO] Calculator [RESULT - LOG] - 4.978497702968366
21/03/2023:20:33:01 128 [Calculator.java] [INFO] Calculator [LOG] - 300.0
21/03/2023:20:33:01 130 [Calculator.java] [INFO] Calculator [RESULT - LOG] - 5.703782474656201
21/03/2023:20:33:01 238 [Calculator.java] [INFO] Calculator [POWER] - 6.0, 2.0
21/03/2023:20:33:01 243 [Calculator.java] [INFO] Calculator [RESULT - POWER] - 36.0
21/03/2023:20:33:01 248 [Calculator.java] [INFO] Calculator [POWER] - 3.0, 3.0
21/03/2023:20:33:01 254 [Calculator.java] [INFO] Calculator [RESULT - POWER] - 27.0
21/03/2023:20:33:01 260 [Calculator.java] [INFO] Calculator [FACTORIAL] - 4
21/03/2023:20:33:01 263 [Calculator.java] [INFO] Calculator [RESULT - FACTORIAL] - 24.0
21/03/2023:20:33:01 270 [Calculator.java] [INFO] Calculator [FACTORIAL] - 2
21/03/2023:20:33:01 272 [Calculator.java] [INFO] Calculator [RESULT - FACTORIAL] - 2.0
21/03/2023:20:33:01 278 [Calculator.java] [INFO] Calculator [SQRT] - 9.0
21/03/2023:20:33:01 281 [Calculator.java] [INFO] Calculator [RESULT - SQRT] - 3.0
21/03/2023:20:33:01 286 [Calculator.java] [INFO] Calculator [SQRT] - 30.0
21/03/2023:20:33:01 288 [Calculator.java] [INFO] Calculator [RESULT - SQRT] - 5.477225575051661
21/03/2023:20:39:51 179 [Calculator.java] [INFO] Calculator [POWER] - 2.0, 3.0
21/03/2023:20:39:51 210 [Calculator.java] [INFO] Calculator [RESULT - POWER] - 8.0
21/03/2023:18:56:10 831 [Calculator.java] [INFO] Calculator [FACTORIAL] - 5
21/03/2023:18:56:10 849 [Calculator.java] [INFO] Calculator [RESULT - FACTORIAL] - 120.0
21/03/2023:18:56:29 269 [Calculator.java] [INFO] Calculator [LOG] - 5.0
21/03/2023:18:56:29 270 [Calculator.java] [INFO] Calculator [RESULT - LOG] - 1.6094379124341003
